GET /api/ 500 33 - 1286.379 ms
GET /api/ 500 33 - 1283.157 ms
GET /api/ 500 33 - 1302.501 ms
GET /api/ 500 37 - 1180.213 ms
GET /api/ 500 33 - 1219.468 ms
GET /api/ 500 33 - 4500.657 ms
GET /api/ 500 33 - 1260.642 ms
GET /api/ 500 33 - 2215.970 ms
GET /api/ 500 33 - 1235.115 ms
GET /api/ 200 52 - 6342.144 ms
GET /api/ - - - - ms
GET /api/ 200 52 - 1204.312 ms
GET /api/ 200 52 - 302.266 ms
GET /api/ 200 52 - 1292.964 ms
GET /api/ 500 83 - 1049.895 ms
GET /api/ - - - - ms
GET /api/ - - - - ms
GET /api/ 200 52 - 1254.576 ms
GET /api/ 200 52 - 1245.507 ms
GET /api/ 200 52 - 1450.620 ms
GET /api/ 200 52 - 1280.186 ms
GET /api/ 200 52 - 8194.611 ms
GET /api/ 200 52 - 296.777 ms
GET /api/ 200 52 - 295.979 ms
GET /api/ 200 52 - 295.859 ms
GET /api/ 200 52 - 1231.398 ms
GET /api/ 200 52 - 1260.979 ms
GET /api/ 200 52 - 1516.406 ms
GET /api/movie/read/5df9f1fc94a6341071d702d4 200 196 - 6449.900 ms
GET /api/movie/read/5df9f1fc94a6341071d702d4 304 - - 158.552 ms
GET /api/movie/read/5df9f1fc94a6341071d702d4 304 - - 156.937 ms
GET /api/remove/5df94f3fda335a027eae8a0d - - - - ms
GET /api/remove/5df94f3fda336a027eae8a0d - - - - ms
GET /api/remove/5df94f3fda336a027eae8a0d - - - - ms
GET /api/remove/5df94f3fda336a027eae8a0d - - - - ms
GET /api/remove/5df94f3fda336a027eae8a03 - - - - ms
GET /api/remove/5df94f3fda336a027eae8a03 - - - - ms
GET /api/remove/5df94f3fda336a027eae8a0d - - - - ms
GET /api/remove/5df94f3fda336a027eae8a03 - - - 8.886 ms
GET /api/remove/5df94f3fda336a027eae8a03 - - - 9.665 ms
GET /api/remove/abc - - - - ms
GET /api/remove/abc - - - - ms
GET /api/remove/abcEfGhAi - - - - ms
GET /api/remove/abcEfGhAi - - - - ms
GET /api/remove/abcEfGhAi - - - - ms
